Arguments: 
  C:\Program Files\nodejs\node.exe C:\Users\ABOLARIN BUKOLA\AppData\Roaming\npm\node_modules\@sanity\cli\vendor\yarn install --json --non-interactive --ignore-engines --registry https://registry.npmjs.org

PATH: 
  C:\Users\ABOLARIN BUKOLA\AppData\Roaming\npm\node_modules\vendor;C:\Program Files (x86)\Common Files\Oracle\Java\javapath;C:\Program Files (x86)\Common Files\Intel\Shared Files\cpp\bin\Intel64;C:\Windows\system32;C:\Windows;C:\Windows\System32\Wbem;C:\Windows\System32\WindowsPowerShell\v1.0\;C:\Windows\System32\OpenSSH\;C:\Program Files (x86)\Brackets\command;C:\Program Files\TortoiseSVN\bin;C:\Program Files\Git\cmd;C:\Program Files (x86)\Yarn\bin\;C:\Program Files\nodejs\;C:\Users\ABOLARIN BUKOLA\.windows-build-tools\python27\;C:\Program Files\nodejs\node_modules\windows-build-tools\node_modules\.bin;C:\Program Files\nodejs\node_modules\node_modules\.bin;C:\Program Files\nodejs\node_modules\.bin;C:\Program Files\node_modules\.bin;C:\node_modules\.bin;C:\Users\ABOLARIN BUKOLA\AppData\Roaming\npm\node_modules\npm\node_modules\@npmcli\run-script\lib\node-gyp-bin;C:\Program Files (x86)\Common Files\Oracle\Java\javapath;C:\Program Files (x86)\Common Files\Intel\Shared Files\cpp\bin\Intel64;C:\Windows\system32;C:\Windows;C:\Windows\System32\Wbem;C:\Windows\System32\WindowsPowerShell\v1.0\;C:\Windows\System32\OpenSSH\;C:\Program Files (x86)\Brackets\command;C:\Program Files\TortoiseSVN\bin;C:\Program Files\Git\cmd;C:\Program Files\nodejs\;C:\Program Files (x86)\Yarn\bin\;C:\Users\ABOLARIN BUKOLA\AppData\Local\Programs\Python\Python36-32\Scripts\;C:\Users\ABOLARIN BUKOLA\AppData\Local\Programs\Python\Python36-32\;C:\Users\ABOLARIN BUKOLA\AppData\Local\Microsoft\WindowsApps;C:\Users\ABOLARIN BUKOLA\AppData\Local\GitHubDesktop\bin;C:\Users\ABOLARIN BUKOLA\AppData\Local\Programs\Microsoft VS Code\bin;C:\Users\ABOLARIN BUKOLA\AppData\Local\Yarn\bin;C:\Users\ABOLARIN BUKOLA\AppData\Roaming\npm

Yarn version: 
  1.22.10

Node version: 
  16.11.1

Platform: 
  win32 x64

Trace: 
  Error: https://registry.npmjs.org/rxjs/-/rxjs-6.6.7.tgz: ESOCKETTIMEDOUT
      at ClientRequest.<anonymous> (C:\Users\ABOLARIN BUKOLA\AppData\Roaming\npm\node_modules\@sanity\cli\vendor\yarn:141406:19)
      at Object.onceWrapper (node:events:509:28)
      at ClientRequest.emit (node:events:390:28)
      at TLSSocket.emitRequestTimeout (node:_http_client:763:9)
      at Object.onceWrapper (node:events:509:28)
      at TLSSocket.emit (node:events:402:35)
      at TLSSocket.Socket._onTimeout (node:net:486:8)
      at listOnTimeout (node:internal/timers:557:17)
      at processTimers (node:internal/timers:500:7)

npm manifest: 
  {
    "name": "artblogsanity",
    "private": true,
    "version": "1.0.0",
    "description": "",
    "main": "package.json",
    "author": "Abolarin Bukola <abolarinbukolastella@gmail.com>",
    "license": "UNLICENSED",
    "scripts": {
      "start": "sanity start",
      "build": "sanity build"
    },
    "keywords": [
      "sanity"
    ],
    "dependencies": {
      "@sanity/base": "^2.22.3",
      "@sanity/core": "^2.22.3",
      "@sanity/default-layout": "^2.22.4",
      "@sanity/default-login": "^2.22.3",
      "@sanity/desk-tool": "^2.22.3",
      "@sanity/vision": "^2.22.3",
      "prop-types": "^15.7",
      "react": "^17.0",
      "react-dom": "^17.0",
      "styled-components": "^5.2.0"
    },
    "devDependencies": {}
  }

yarn manifest: 
  No manifest

Lockfile: 
  No lockfile
